Exit code = 0 | Success | Mon Oct 18 12:14:30 AM MSK 2021 | Cache in the home directory has cleaned.
Exit code = 0 | Success | Tue Oct 19 07:50:02 AM MSK 2021 | Cache in the home directory has cleaned.
Exit code = 0 | Success | Wed Oct 20 12:00:03 AM MSK 2021 | Cache in the home directory has cleaned.
Exit code = 0 | Success | Thu Oct 21 12:00:02 AM MSK 2021 | Cache in the home directory has cleaned.
Exit code = 0 | Success | Fri Oct 22 12:00:49 AM MSK 2021 | Cache in the home directory has cleaned.
Exit code = 0 | Success | Sat Oct 23 12:13:32 AM MSK 2021 | Cache in the home directory has cleaned.
Exit code = 0 | Success | Mon Oct 25 08:12:58 AM MSK 2021 | Cache in the home directory has cleaned.
Exit code = 0 | Success | Tue Oct 26 06:29:54 PM MSK 2021 | Cache in the home directory has cleaned.
Exit code = 0 | Success | Wed Oct 27 08:39:04 AM MSK 2021 | Cache in the home directory has cleaned.
Exit code = 0 | Success | Thu Oct 28 07:53:30 AM MSK 2021 | Cache in the home directory has cleaned.
Exit code = 0 | Success | Fri Oct 29 07:09:56 AM MSK 2021 | Cache in the home directory has cleaned.
Exit code = 0 | Success | Sat Oct 30 05:26:33 AM MSK 2021 | Cache in the home directory has cleaned.
Exit code = 0 | Success | Sun Oct 31 12:00:23 AM MSK 2021 | Cache in the home directory has cleaned.
Exit code = 0 | Success | Mon Nov  1 06:20:28 AM MSK 2021 | Cache in the home directory has cleaned.
Exit code = 0 | Success | Tue Nov  2 08:44:22 AM MSK 2021 | Cache in the home directory has cleaned.
Exit code = 0 | Success | Wed Nov  3 12:00:21 AM MSK 2021 | Cache in the home directory has cleaned.
Exit code = 0 | Success | Thu Nov  4 12:00:53 AM MSK 2021 | Cache in the home directory has cleaned.
Exit code = 0 | Success | Fri Nov  5 09:34:51 AM MSK 2021 | Cache in the home directory has cleaned.
Exit code = 0 | Success | Sun Nov  7 01:40:33 AM MSK 2021 | Cache in the home directory has cleaned.
Exit code = 0 | Success | Sun Nov  7 02:44:38 PM CET 2021 | Cache in the home directory has cleaned.
