Github .dotfiles has updated: Sun Sep  5 12:00:24 AM MSK 2021, exit codes:0:0:0
Github .dotfiles has updated: Mon Sep  6 07:19:38 AM MSK 2021, exit codes:0:0:0
Github .dotfiles has updated: Tue Sep  7 06:30:52 AM MSK 2021, exit codes:0:0:0
Github .dotfiles has updated: Tue Sep  7 03:40:02 PM MSK 2021, exit codes:0:0:0
Github .dotfiles has updated: Tue Sep  7 03:40:43 PM MSK 2021, exit codes:0:0:0
Github .dotfiles has updated: Tue Sep  7 03:41:13 PM MSK 2021, exit codes:0:0:0
Github .dotfiles has updated: Tue Sep  7 03:42:30 PM MSK 2021, exit codes:0:0:0
Github .dotfiles has updated: Wed Sep  8 07:12:44 AM MSK 2021, exit codes:0:0:0
Github .dotfiles has updated: Thu Sep  9 05:19:05 AM MSK 2021, exit codes:0:0:0
Github .dotfiles has updated: Fri Sep 10 12:00:26 AM MSK 2021, exit codes:0:0:0
Github .dotfiles has updated: Fri Sep 10 12:04:31 PM MSK 2021, exit codes:0:0:0
Github .dotfiles has updated: Fri Sep 10 12:31:46 PM MSK 2021, exit codes:128:1:0
Github .dotfiles has updated: Fri Sep 10 12:32:06 PM MSK 2021, exit codes:128:1:0
Github .dotfiles has updated: Fri Sep 10 12:32:48 PM MSK 2021, exit codes:128:1:0
Github .dotfiles has updated: Fri Sep 10 12:42:13 PM MSK 2021, exit codes:0:0:0
Github .dotfiles has updated: Fri Sep 10 10:58:59 PM MSK 2021, exit codes:0:0:0
Github .dotfiles has updated: Sat Sep 11 06:39:40 AM MSK 2021, exit codes:0:0:0
Github .dotfiles has updated: Sat Sep 11 06:46:22 AM MSK 2021, exit codes:0:0:0
Github .dotfiles has updated: Sun Sep 12 08:33:41 PM MSK 2021, exit codes:0:0:0
Github .dotfiles has updated: Mon Sep 13 12:00:25 AM MSK 2021, exit codes:0:0:0
Github .dotfiles has updated: Wed Sep 15 02:10:34 AM MSK 2021, exit codes:0:0:0
Github .dotfiles has updated: Wed Sep 15 04:42:24 PM MSK 2021, exit codes:0:0:0
Github .dotfiles has updated: Thu Sep 16 07:25:28 AM MSK 2021, exit codes:0:0:0
Github .dotfiles has updated: Fri Sep 17 06:56:59 AM MSK 2021, exit codes:0:0:0
Github .dotfiles has updated: Fri Sep 17 03:03:24 PM MSK 2021, exit codes:0:0:0
Github .dotfiles has updated: Sat Sep 18 12:00:20 AM MSK 2021, exit codes:0:0:0
Github .dotfiles has updated: Sat Sep 18 12:02:55 AM MSK 2021, exit codes:0:0:0
Github .dotfiles has updated: Sat Sep 18 09:55:25 AM MSK 2021, exit codes:0:0:0
Github .dotfiles has updated: Sat Sep 18 11:22:29 AM MSK 2021, exit codes:0:0:0
Github .dotfiles has updated: Sat Sep 18 12:52:24 PM MSK 2021, exit codes:0:0:0
Github .dotfiles has updated: Sun Sep 19 12:00:20 AM MSK 2021, exit codes:0:0:0
Github .dotfiles has updated: Sun Sep 19 02:24:39 PM MSK 2021, exit codes:128:1:0
Github .dotfiles has updated: Sun Sep 19 02:25:50 PM MSK 2021, exit codes:0:0:0
Github .dotfiles has updated: Sun Sep 19 02:26:18 PM MSK 2021, exit codes:0:0:0
Github .dotfiles has updated: Sun Sep 19 02:27:05 PM MSK 2021, exit codes:0:0:0
Github .dotfiles has updated: Mon Sep 20 08:43:55 AM MSK 2021, exit codes:0:0:0
Github .dotfiles has updated: Tue Sep 21 07:31:54 AM MSK 2021, exit codes:0:0:0
Github .dotfiles has updated: Tue Sep 21 01:01:56 PM MSK 2021, exit codes:0:0:0
Github .dotfiles has updated: Wed Sep 22 11:15:55 PM MSK 2021, exit codes:0:0:0
