Github tools has updated: Sun Sep  5 12:00:24 AM MSK 2021, exit codes:0:1:0
Github tools has updated: Mon Sep  6 07:19:29 AM MSK 2021, exit codes:0:1:0
Github tools has updated: Tue Sep  7 06:30:42 AM MSK 2021, exit codes:0:1:0
Github tools has updated: Tue Sep  7 03:47:23 PM MSK 2021, exit codes:0:1:0
Github tools has updated: Tue Sep  7 03:48:04 PM MSK 2021, exit codes:0:0:0
Github tools has updated: Wed Sep  8 07:12:36 AM MSK 2021, exit codes:0:1:0
Github tools has updated: Thu Sep  9 05:18:55 AM MSK 2021, exit codes:0:1:0
Github tools has updated: Fri Sep 10 12:00:25 AM MSK 2021, exit codes:0:0:0
Github tools has updated: Fri Sep 10 10:59:09 PM MSK 2021, exit codes:0:1:0
Github tools has updated: Sat Sep 11 06:39:30 AM MSK 2021, exit codes:0:1:0
Github tools has updated: Sun Sep 12 08:41:46 PM MSK 2021, exit codes:0:0:0
Github tools has updated: Mon Sep 13 12:00:18 AM MSK 2021, exit codes:0:1:0
Github tools has updated: Wed Sep 15 02:10:30 AM MSK 2021, exit codes:0:1:0
Github tools has updated: Thu Sep 16 07:25:24 AM MSK 2021, exit codes:0:0:0
Github tools has updated: Thu Sep 16 10:21:42 AM MSK 2021, exit codes:0:0:0
Github tools has updated: Fri Sep 17 06:56:48 AM MSK 2021, exit codes:0:0:0
Github tools has updated: Sat Sep 18 12:00:19 AM MSK 2021, exit codes:0:1:0
Github tools has updated: Sun Sep 19 12:00:19 AM MSK 2021, exit codes:0:0:0
Github tools has updated: Mon Sep 20 08:43:45 AM MSK 2021, exit codes:0:0:0
Github tools has updated: Tue Sep 21 07:31:53 AM MSK 2021, exit codes:0:0:0
Github tools has updated: Tue Sep 21 01:02:10 PM MSK 2021, exit codes:0:0:0
Github tools has updated: Wed Sep 22 11:27:20 PM MSK 2021, exit codes:0:0:0
Github tools has updated: Wed Sep 22 11:28:16 PM MSK 2021, exit codes:0:0:0
Github tools has updated: Thu Sep 23 07:29:51 AM MSK 2021, exit codes:0:1:0
Github tools has updated: Thu Sep 23 08:47:41 PM MSK 2021, exit codes:0:0:0
Github tools has updated: Thu Sep 23 08:57:32 PM MSK 2021, exit codes:0:0:0
