install.git has updated: Mon Sep  6 07:25:52 AM MSK 2021, exit codes:0:1:0
install.git has updated: Tue Sep  7 11:14:29 AM MSK 2021, exit codes:0:0:0
install.git has updated: Tue Sep  7 11:27:56 AM MSK 2021, exit codes:0:1:0
install.git has updated: Tue Sep  7 11:28:59 AM MSK 2021, exit codes:0:0:0
install.git has updated: Tue Sep  7 11:31:46 AM MSK 2021, exit codes:0:0:0
install.git has updated: Tue Sep  7 12:09:19 PM MSK 2021, exit codes:0:0:0
install.git has updated: Tue Sep  7 02:35:54 PM MSK 2021, exit codes:0:0:0
install.git has updated: Wed Sep  8 08:07:00 PM MSK 2021, exit codes:0:0:0
install.git has updated: Wed Sep  8 08:22:04 PM MSK 2021, exit codes:0:0:0
install.git has updated: Wed Sep  8 08:59:07 PM MSK 2021, exit codes:0:0:0
install.git has updated: Wed Sep  8 10:48:32 PM MSK 2021, exit codes:0:0:0
install.git has updated: Fri Sep 10 11:08:48 AM MSK 2021, exit codes:0:0:0
install.git has updated: Fri Sep 10 11:33:33 AM MSK 2021, exit codes:0:0:0
install.git has updated: Fri Sep 10 12:33:08 PM MSK 2021, exit codes:0:0:0
install.git has updated: Fri Sep 10 10:59:20 PM MSK 2021, exit codes:0:1:0
install.git has updated: Sat Sep 11 07:23:06 AM MSK 2021, exit codes:0:0:0
install.git has updated: Wed Sep 15 07:00:41 PM MSK 2021, exit codes:128:128:128
install.git has updated: Wed Sep 15 07:11:22 PM MSK 2021, exit codes:0:0:0
install.git has updated: Wed Sep 15 09:50:22 PM MSK 2021, exit codes:0:0:0
install.git has updated: Fri Sep 17 02:40:36 PM MSK 2021, exit codes:0:0:0
install.git has updated: Sat Sep 18 08:00:16 AM MSK 2021, exit codes:0:0:0
install.git has updated: Sat Sep 18 08:15:16 AM MSK 2021, exit codes:0:1:0
install.git has updated: Sat Sep 18 11:22:20 AM MSK 2021, exit codes:0:0:0
install.git has updated: Sat Sep 18 11:54:47 AM MSK 2021, exit codes:0:0:0
install.git has updated: Sat Sep 18 12:12:47 PM MSK 2021, exit codes:0:0:0
install.git has updated: Sat Sep 18 12:51:42 PM MSK 2021, exit codes:0:0:0
install.git has updated: Sun Sep 19 12:33:24 AM MSK 2021, exit codes:0:0:0
install.git has updated: Tue Sep 21 01:02:18 PM MSK 2021, exit codes:0:1:0
install.git has updated: Tue Sep 21 01:11:15 PM MSK 2021, exit codes:0:0:0
install.git has updated: Wed Sep 22 07:27:05 PM MSK 2021, exit codes:0:0:0
