Full System Update has completed: Sun Sep  5 12:00:45 AM MSK 2021, exit code = 0: Success
Full System Update has completed: Mon Sep  6 07:19:26 AM MSK 2021, exit code = 1: Catchall for general errors
Full System Update has completed: Mon Sep  6 07:25:27 AM MSK 2021, exit code = 0: Success
Full System Update has completed: Tue Sep  7 06:31:20 AM MSK 2021, exit code = 0: Success
Full System Update has completed: Tue Sep  7 10:31:03 AM MSK 2021, exit code = 0: Success
Full System Update has completed: Tue Sep  7 11:32:52 AM MSK 2021, exit code = 0: Success
Full System Update has completed: Wed Sep  8 07:13:51 AM MSK 2021, exit code = 0: Success
Full System Update has completed: Thu Sep  9 05:20:43 AM MSK 2021, exit code = 0: Success
Full System Update has completed: Fri Sep 10 12:01:10 AM MSK 2021, exit code = 1: Catchall for general errors
Full System Update has completed: Fri Sep 10 12:04:29 AM MSK 2021, exit code = 0: Success
Full System Update has completed: Fri Sep 10 09:21:15 PM MSK 2021, exit code = 0: Success
Full System Update has completed: Fri Sep 10 09:21:47 PM MSK 2021, exit code = 0: Success
Full System Update has completed: Fri Sep 10 09:25:27 PM MSK 2021, exit code = 0: Success
Full System Update has completed: Fri Sep 10 09:30:00 PM MSK 2021, exit code = 0: Success
Full System Update has completed: Fri Sep 10 09:31:03 PM MSK 2021, exit code = 0: Success
Full System Update has completed: Fri Sep 10 09:34:30 PM MSK 2021, exit code = 0: Success
Full System Update has completed: Fri Sep 10 09:35:09 PM MSK 2021, exit code = 0: Success
Full System Update has completed: Fri Sep 10 09:37:39 PM MSK 2021, exit code = 0: Success
Full System Update has completed: Fri Sep 10 09:40:51 PM MSK 2021, exit code = 0: Success
Full System Update has completed: Fri Sep 10 09:52:45 PM MSK 2021, exit code = 0: Success
Full System Update has completed: Fri Sep 10 10:04:28 PM MSK 2021, exit code = 0: Success
Full System Update has completed: Sat Sep 11 06:40:39 AM MSK 2021, exit code = 0: Success
Full System Update has completed: Mon Sep 13 12:14:46 AM MSK 2021, exit code = 1: Catchall for general errors
Full System Update has completed: Mon Sep 13 12:17:52 AM MSK 2021, exit code = 0: Success
Full System Update has completed: Mon Sep 13 12:18:25 AM MSK 2021, exit code = 0: Success
Full System Update has completed: Wed Sep 15 02:17:36 AM MSK 2021, exit code = 0: Success
Full System Update has completed: Wed Sep 15 05:51:24 PM MSK 2021, exit code = 0: Success
Full System Update has completed: Wed Sep 15 05:52:03 PM MSK 2021, exit code = 0: Success
Full System Update has completed: Thu Sep 16 07:26:22 AM MSK 2021, exit code = 0: Success
Full System Update has completed: Fri Sep 17 07:00:17 AM MSK 2021, exit code = 0: Success
Full System Update has completed: Sat Sep 18 12:03:33 AM MSK 2021, exit code = 0: Success
Full System Update has completed: Sun Sep 19 12:00:36 AM MSK 2021, exit code = 0: Success
Full System Update has completed: Mon Sep 20 08:46:55 AM MSK 2021, exit code = 0: Success
Full System Update has completed: Tue Sep 21 07:32:45 AM MSK 2021, exit code = 0: Success
Full System Update has completed: Thu Sep 23 07:30:41 AM MSK 2021, exit code = 1: Catchall for general errors
Full System Update has completed: Thu Sep 23 07:46:55 AM MSK 2021, exit code = 0: Success
